[2023-04-0520:39:24] [ ERROR] [GlobalExceptionHandler:17] Content-Type 'text/plain;charset=UTF-8' is not supported
[2023-04-0520:40:38] [ ERROR] [GlobalExceptionHandler:17] Content-Type 'text/plain;charset=UTF-8' is not supported
[2023-04-0520:42:02] [ ERROR] [GlobalExceptionHandler:17] Content-Type 'text/plain;charset=UTF-8' is not supported
[2023-04-0520:44:07] [ ERROR] [GlobalExceptionHandler:17] Content-Type 'text/plain;charset=UTF-8' is not supported
[2023-04-0520:50:27] [ ERROR] [GlobalExceptionHandler:17] Content-Type 'text/plain;charset=UTF-8' is not supported
[2023-04-0611:20:06] [ ERROR] [GlobalExceptionHandler:17] Content-Type 'text/plain;charset=UTF-8' is not supported
[2023-04-0611:31:51] [ ERROR] [GlobalExceptionHandler:17] Content-Type 'text/plain;charset=UTF-8' is not supported
[2023-04-0616:11:07] [ ERROR] [GlobalExceptionHandler:17] JSON parse error: Cannot deserialize value of type `java.time.LocalDate` from String "01/01/2022": Failed to deserialize java.time.LocalDate: (java.time.format.DateTimeParseException) Text '01/01/2022' could not be parsed at index 0
[2023-04-0616:16:07] [ ERROR] [GlobalExceptionHandler:17] JSON parse error: Unexpected character (',' (code 44)) in numeric value: Exponent indicator not followed by a digit
[2023-04-0616:17:47] [ ERROR] [GlobalExceptionHandler:17] JSON parse error: Cannot construct instance of `com.company.desoucheslautaro.entity.Odontologo` (although at least one Creator exists): no int/Int-argument constructor/factory method to deserialize from Number value (1)
[2023-04-0616:20:18] [ ERROR] [GlobalExceptionHandler:17] JSON parse error: Cannot deserialize value of type `java.lang.Long` from Object value (token `JsonToken.START_OBJECT`)
[2023-04-0616:26:04] [ ERROR] [GlobalExceptionHandler:17] detached entity passed to persist: com.company.desoucheslautaro.entity.Odontologo
[2023-04-0616:28:22] [ ERROR] [GlobalExceptionHandler:17] detached entity passed to persist: com.company.desoucheslautaro.entity.Odontologo
[2023-04-0616:44:03] [ ERROR] [GlobalExceptionHandler:17] detached entity passed to persist: com.company.desoucheslautaro.entity.Odontologo
[2023-04-0616:45:40] [ ERROR] [GlobalExceptionHandler:17] detached entity passed to persist: com.company.desoucheslautaro.entity.Odontologo
[2023-04-0620:32:05] [ ERROR] [GlobalExceptionHandler:17] detached entity passed to persist: com.company.desoucheslautaro.entity.Odontologo
[2023-04-0620:52:31] [ ERROR] [GlobalExceptionHandler:17] detached entity passed to persist: com.company.desoucheslautaro.entity.Odontologo
[2023-04-0620:52:40] [ ERROR] [GlobalExceptionHandler:17] detached entity passed to persist: com.company.desoucheslautaro.entity.Odontologo
[2023-04-0620:53:38] [ ERROR] [GlobalExceptionHandler:17] No acceptable representation
[2023-04-0620:54:33] [ ERROR] [GlobalExceptionHandler:17] detached entity passed to persist: com.company.desoucheslautaro.entity.Odontologo
[2023-04-0620:59:05] [ ERROR] [GlobalExceptionHandler:17] No acceptable representation
[2023-04-0621:02:23] [ ERROR] [GlobalExceptionHandler:17] detached entity passed to persist: com.company.desoucheslautaro.entity.Odontologo
[2023-04-0621:15:39] [ ERROR] [GlobalExceptionHandler:17] detached entity passed to persist: com.company.desoucheslautaro.entity.Odontologo
[2023-04-0621:22:50] [ ERROR] [GlobalExceptionHandler:17] detached entity passed to persist: com.company.desoucheslautaro.entity.Odontologo
[2023-04-0621:28:50] [ ERROR] [GlobalExceptionHandler:17] detached entity passed to persist: com.company.desoucheslautaro.entity.Odontologo[2023-04-0712:43:47] [ ERROR] [GlobalExceptionHandler:17] No serializer found for class org.hibernate.proxy.pojo.bytebuddy.ByteBuddyInterceptor and no properties discovered to create BeanSerializer (to avoid exception, disable SerializationFeature.FAIL_ON_EMPTY_BEANS) (through reference chain: com.company.desoucheslautaro.entity.Turno["odontologo"]->com.company.desoucheslautaro.entity.Odontologo$HibernateProxy$8Ese9iPx["hibernateLazyInitializer"])
[2023-04-0712:43:47] [ ERROR] [GlobalExceptionHandler:17] No serializer found for class org.hibernate.proxy.pojo.bytebuddy.ByteBuddyInterceptor and no properties discovered to create BeanSerializer (to avoid exception, disable SerializationFeature.FAIL_ON_EMPTY_BEANS) (through reference chain: com.company.desoucheslautaro.entity.Turno["odontologo"]->com.company.desoucheslautaro.entity.Odontologo$HibernateProxy$8Ese9iPx["hibernateLazyInitializer"])
[2023-04-0712:43:52] [ ERROR] [GlobalExceptionHandler:17] No serializer found for class org.hibernate.proxy.pojo.bytebuddy.ByteBuddyInterceptor and no properties discovered to create BeanSerializer (to avoid exception, disable SerializationFeature.FAIL_ON_EMPTY_BEANS) (through reference chain: com.company.desoucheslautaro.entity.Turno["odontologo"]->com.company.desoucheslautaro.entity.Odontologo$HibernateProxy$8Ese9iPx["hibernateLazyInitializer"])
[2023-04-0712:51:35] [ ERROR] [GlobalExceptionHandler:17] detached entity passed to persist: com.company.desoucheslautaro.entity.Odontologo
[2023-04-0712:51:49] [ ERROR] [GlobalExceptionHandler:17] detached entity passed to persist: com.company.desoucheslautaro.entity.Odontologo
[2023-04-0712:52:07] [ ERROR] [GlobalExceptionHandler:17] detached entity passed to persist: com.company.desoucheslautaro.entity.Odontologo
[2023-04-0712:58:21] [ ERROR] [GlobalExceptionHandler:17] No serializer found for class org.hibernate.proxy.pojo.bytebuddy.ByteBuddyInterceptor and no properties discovered to create BeanSerializer (to avoid exception, disable SerializationFeature.FAIL_ON_EMPTY_BEANS) (through reference chain: com.company.desoucheslautaro.entity.Turno["odontologo"]->com.company.desoucheslautaro.entity.Odontologo$HibernateProxy$fBFC4D24["hibernateLazyInitializer"])
[2023-04-0712:58:21] [ ERROR] [GlobalExceptionHandler:17] No serializer found for class org.hibernate.proxy.pojo.bytebuddy.ByteBuddyInterceptor and no properties discovered to create BeanSerializer (to avoid exception, disable SerializationFeature.FAIL_ON_EMPTY_BEANS) (through reference chain: com.company.desoucheslautaro.entity.Turno["odontologo"]->com.company.desoucheslautaro.entity.Odontologo$HibernateProxy$fBFC4D24["hibernateLazyInitializer"])
[2023-04-0712:58:25] [ ERROR] [GlobalExceptionHandler:17] No serializer found for class org.hibernate.proxy.pojo.bytebuddy.ByteBuddyInterceptor and no properties discovered to create BeanSerializer (to avoid exception, disable SerializationFeature.FAIL_ON_EMPTY_BEANS) (through reference chain: com.company.desoucheslautaro.entity.Turno["odontologo"]->com.company.desoucheslautaro.entity.Odontologo$HibernateProxy$fBFC4D24["hibernateLazyInitializer"])
[2023-04-0713:02:10] [ ERROR] [GlobalExceptionHandler:17] No serializer found for class org.hibernate.proxy.pojo.bytebuddy.ByteBuddyInterceptor and no properties discovered to create BeanSerializer (to avoid exception, disable SerializationFeature.FAIL_ON_EMPTY_BEANS) (through reference chain: com.company.desoucheslautaro.entity.Turno["odontologo"]->com.company.desoucheslautaro.entity.Odontologo$HibernateProxy$U1jvcTAw["hibernateLazyInitializer"])
[2023-04-0713:02:12] [ ERROR] [GlobalExceptionHandler:17] No serializer found for class org.hibernate.proxy.pojo.bytebuddy.ByteBuddyInterceptor and no properties discovered to create BeanSerializer (to avoid exception, disable SerializationFeature.FAIL_ON_EMPTY_BEANS) (through reference chain: com.company.desoucheslautaro.entity.Turno["odontologo"]->com.company.desoucheslautaro.entity.Odontologo$HibernateProxy$U1jvcTAw["hibernateLazyInitializer"])
[2023-04-0713:02:13] [ ERROR] [GlobalExceptionHandler:17] No serializer found for class org.hibernate.proxy.pojo.bytebuddy.ByteBuddyInterceptor and no properties discovered to create BeanSerializer (to avoid exception, disable SerializationFeature.FAIL_ON_EMPTY_BEANS) (through reference chain: com.company.desoucheslautaro.entity.Turno["odontologo"]->com.company.desoucheslautaro.entity.Odontologo$HibernateProxy$U1jvcTAw["hibernateLazyInitializer"])
[2023-04-0713:02:41] [ ERROR] [GlobalExceptionHandler:17] No serializer found for class org.hibernate.proxy.pojo.bytebuddy.ByteBuddyInterceptor and no properties discovered to create BeanSerializer (to avoid exception, disable SerializationFeature.FAIL_ON_EMPTY_BEANS) (through reference chain: com.company.desoucheslautaro.entity.Turno["odontologo"]->com.company.desoucheslautaro.entity.Odontologo$HibernateProxy$U1jvcTAw["hibernateLazyInitializer"])
[2023-04-0713:02:41] [ ERROR] [GlobalExceptionHandler:17] No serializer found for class org.hibernate.proxy.pojo.bytebuddy.ByteBuddyInterceptor and no properties discovered to create BeanSerializer (to avoid exception, disable SerializationFeature.FAIL_ON_EMPTY_BEANS) (through reference chain: com.company.desoucheslautaro.entity.Turno["odontologo"]->com.company.desoucheslautaro.entity.Odontologo$HibernateProxy$U1jvcTAw["hibernateLazyInitializer"])
[2023-04-0713:04:45] [ ERROR] [GlobalExceptionHandler:17] JSON parse error: Cannot construct instance of `com.company.desoucheslautaro.entity.Odontologo` (although at least one Creator exists): no int/Int-argument constructor/factory method to deserialize from Number value (1)
[2023-04-0713:06:26] [ ERROR] [GlobalExceptionHandler:17] org.hibernate.TransientPropertyValueException: object references an unsaved transient instance - save the transient instance before flushing : com.company.desoucheslautaro.entity.Turno.odontologo -> com.company.desoucheslautaro.entity.Odontologo
[2023-04-0713:06:39] [ ERROR] [GlobalExceptionHandler:17] No serializer found for class org.hibernate.proxy.pojo.bytebuddy.ByteBuddyInterceptor and no properties discovered to create BeanSerializer (to avoid exception, disable SerializationFeature.FAIL_ON_EMPTY_BEANS) (through reference chain: com.company.desoucheslautaro.entity.Turno["odontologo"]->com.company.desoucheslautaro.entity.Odontologo$HibernateProxy$vSwpnQZc["hibernateLazyInitializer"])
[2023-04-0713:50:49] [ ERROR] [GlobalExceptionHandler:17] Content-Type 'applications/json;charset=UTF-8' is not supported
[2023-04-0713:50:50] [ ERROR] [GlobalExceptionHandler:17] Content-Type 'applications/json;charset=UTF-8' is not supported
[2023-04-0713:52:22] [ ERROR] [GlobalExceptionHandler:17] Content-Type 'applications/json;charset=UTF-8' is not supported
[2023-04-0713:54:02] [ ERROR] [GlobalExceptionHandler:17] Content-Type 'applications/json;charset=UTF-8' is not supported
[2023-04-0713:54:11] [ ERROR] [GlobalExceptionHandler:17] Content-Type 'applications/json;charset=UTF-8' is not supported
[2023-04-0713:58:36] [ ERROR] [GlobalExceptionHandler:17] Content-Type 'applications/json;charset=UTF-8' is not supported
[2023-04-0714:00:13] [ ERROR] [GlobalExceptionHandler:17] Content-Type 'applications/json;charset=UTF-8' is not supported
[2023-04-0714:00:26] [ ERROR] [GlobalExceptionHandler:17] Content-Type 'applications/json;charset=UTF-8' is not supported
[2023-04-0714:01:27] [ ERROR] [GlobalExceptionHandler:17] Content-Type 'applications/json;charset=UTF-8' is not supported
[2023-04-0714:02:22] [ ERROR] [GlobalExceptionHandler:17] Content-Type 'applications/json;charset=UTF-8' is not supported
[2023-04-0714:03:31] [ ERROR] [GlobalExceptionHandler:17] Content-Type 'applications/json;charset=UTF-8' is not supported
[2023-04-0714:04:26] [ ERROR] [GlobalExceptionHandler:17] Content-Type 'applications/json;charset=UTF-8' is not supported
[2023-04-0714:05:19] [ ERROR] [GlobalExceptionHandler:17] Content-Type 'applications/json;charset=UTF-8' is not supported
[2023-04-0714:05:46] [ ERROR] [GlobalExceptionHandler:17] Content-Type 'applications/json;charset=UTF-8' is not supported
[2023-04-0714:06:11] [ ERROR] [GlobalExceptionHandler:17] Content-Type 'applications/json;charset=UTF-8' is not supported
[2023-04-0714:06:44] [ ERROR] [GlobalExceptionHandler:17] Content-Type 'applications/json;charset=UTF-8' is not supported
[2023-04-0714:07:48] [ ERROR] [GlobalExceptionHandler:17] Content-Type 'applications/json;charset=UTF-8' is not supported
[2023-04-0714:09:08] [ ERROR] [GlobalExceptionHandler:17] Content-Type 'applications/json;charset=UTF-8' is not supported
[2023-04-0714:10:01] [ ERROR] [GlobalExceptionHandler:17] Content-Type 'applications/json;charset=UTF-8' is not supported
[2023-04-0714:10:19] [ ERROR] [GlobalExceptionHandler:17] Content-Type 'applications/json;charset=UTF-8' is not supported
[2023-04-0714:10:38] [ ERROR] [GlobalExceptionHandler:17] Content-Type 'applications/json;charset=UTF-8' is not supported
[2023-04-0714:11:23] [ ERROR] [GlobalExceptionHandler:17] Content-Type 'applications/json;charset=UTF-8' is not supported
[2023-04-0714:12:51] [ ERROR] [GlobalExceptionHandler:17] Content-Type 'applications/json;charset=UTF-8' is not supported
[2023-04-0714:28:01] [ ERROR] [GlobalExceptionHandler:17] could not execute statement; SQL [n/a]; constraint ["FKQTJ6T7MULC2JMFKV92X4CTKWH: PUBLIC.TURNOS FOREIGN KEY(ODONTOLOGO_ID) REFERENCES PUBLIC.ODONTOLOGOS(ID) (CAST(1 AS BIGINT))"; SQL statement:
delete from odontologos where id=? [23503-214]]
[2023-04-0718:41:54] [ ERROR] [GlobalExceptionHandler:17] No value present
[2023-04-0718:42:10] [ ERROR] [GlobalExceptionHandler:17] No value present
[2023-04-0719:05:32] [ ERROR] [GlobalExceptionHandler:17] No value present
